<?xml version="1.0" encoding="UTF-8"?>
<!-- Generated by org.testng.reporters.JUnitXMLReporter -->
<testsuite hostname="LAPTOP-94EP1FIV" ignored="0" name="Test" tests="3" failures="2" timestamp="05 Jul 2020 11:59:16 GMT" time="46.202" errors="0">
  <testcase name="testCase001" time="9.299" classname="testCases.TC_001">
    <failure type="java.lang.AssertionError" message="expected [] but found [Product successfully added to your shopping cart]">
      <![CDATA[java.lang.AssertionError: expected [] but found [Product successfully added to your shopping cart]
at testCases.TC_001.testCase001(TC_001.java:69)
... Removed 31 stack frames]]>
    </failure>
  </testcase> <!-- testCase001 -->
  <testcase name="testTitle" time="0.012" classname="testCases.TC_002"/>
  <testcase name="testTitle" time="0.012" classname="testCases.TC_003">
    <failure type="java.lang.AssertionError" message="expected [My Store..] but found [My Store]">
      <![CDATA[java.lang.AssertionError: expected [My Store..] but found [My Store]
at testCases.TC_003.testTitle(TC_003.java:28)
... Removed 31 stack frames]]>
    </failure>
  </testcase> <!-- testTitle -->
</testsuite> <!-- Test -->
